<?xml version="1.0" encoding="UTF-8"?>
<!-- Generated by org.testng.reporters.JUnitXMLReporter -->
<testsuite ignored="0" hostname="LAPTOP-SK81EO6B" failures="1" tests="1" name="Test" time="39.566" errors="0" timestamp="2023-01-24T15:22:02 IST">
  <testcase classname="testcase.TestCollectionPage" name="testCollectionPage" time="25.256">
    <failure type="java.lang.AssertionError" message="expected [true] but found [false]">
      <![CDATA[java.lang.AssertionError: expected [true] but found [false]
at testcase.TestCollectionPage.testCollectionPage(TestCollectionPage.java:57)
at java.base/java.util.ArrayList.forEach(ArrayList.java:1511)
... Removed 33 stack frames]]>
    </failure>
  </testcase> <!-- testCollectionPage -->
</testsuite> <!-- Test -->
