<?xml version="1.0" encoding="UTF-8"?>
<testng-results ignored="0" total="1" passed="0" failed="0" skipped="1">
  <reporter-output>
  </reporter-output>
  <suite started-at="2023-12-09T13:56:18 IST" name="Suite" finished-at="2023-12-09T13:56:21 IST" duration-ms="3194">
    <groups>
    </groups>
    <test started-at="2023-12-09T13:56:18 IST" name="Test" finished-at="2023-12-09T13:56:21 IST" duration-ms="3194">
      <class name="testcase.TestCollectionPage">
        <test-method is-config="true" signature="display1()[pri:0, instance:testcase.TestCollectionPage@217ed35e]" started-at="2023-12-09T13:56:17 IST" name="display1" finished-at="2023-12-09T13:56:18 IST" duration-ms="444" status="PASS">
          <reporter-output>
          </reporter-output>
        </test-method> <!-- display1 -->
        <test-method is-config="true" signature="setBrowser(java.lang.String)[pri:0, instance:testcase.TestCollectionPage@217ed35e]" started-at="2023-12-09T13:56:18 IST" name="setBrowser" finished-at="2023-12-09T13:56:21 IST" duration-ms="3128" status="FAIL">
          <params>
            <param index="0">
              <value>
                <![CDATA[Chrome]]>
              </value>
            </param>
          </params>
          <exception class="java.lang.IllegalStateException">
            <message>
              <![CDATA[The path to the driver executable Unable to locate the chromedriver executable; for more information on how to install drivers, see https://www.selenium.dev/documentation/webdriver/getting_started/install_drivers/]]>
            </message>
            <full-stacktrace>
              <![CDATA[java.lang.IllegalStateException: The path to the driver executable Unable to locate the chromedriver executable; for more information on how to install drivers, see https://www.selenium.dev/documentation/webdriver/getting_started/install_drivers/
at org.openqa.selenium.internal.Require$StateChecker.nonNull(Require.java:314)
at org.openqa.selenium.remote.service.DriverFinder.getPath(DriverFinder.java:34)
at org.openqa.selenium.chrome.ChromeDriver.generateExecutor(ChromeDriver.java:98)
at org.openqa.selenium.chrome.ChromeDriver.<init>(ChromeDriver.java:88)
at org.openqa.selenium.chrome.ChromeDriver.<init>(ChromeDriver.java:84)
at org.openqa.selenium.chrome.ChromeDriver.<init>(ChromeDriver.java:52)
at utility.BaseTest.setBrowser(BaseTest.java:40)
at java.base/jdk.internal.reflect.NativeMethodAccessorImpl.invoke0(Native Method)
at java.base/jdk.internal.reflect.NativeMethodAccessorImpl.invoke(NativeMethodAccessorImpl.java:77)
at java.base/jdk.internal.reflect.DelegatingMethodAccessorImpl.invoke(DelegatingMethodAccessorImpl.java:43)
at java.base/java.lang.reflect.Method.invoke(Method.java:568)
at org.testng.internal.invokers.MethodInvocationHelper.invokeMethod(MethodInvocationHelper.java:139)
at org.testng.internal.invokers.MethodInvocationHelper.invokeMethodConsideringTimeout(MethodInvocationHelper.java:69)
at org.testng.internal.invokers.ConfigInvoker.invokeConfigurationMethod(ConfigInvoker.java:390)
at org.testng.internal.invokers.ConfigInvoker.invokeConfigurations(ConfigInvoker.java:325)
at org.testng.TestRunner.invokeTestConfigurations(TestRunner.java:663)
at org.testng.TestRunner.beforeRun(TestRunner.java:652)
at org.testng.TestRunner.run(TestRunner.java:614)
at org.testng.SuiteRunner.runTest(SuiteRunner.java:443)
at org.testng.SuiteRunner.runSequentially(SuiteRunner.java:437)
at org.testng.SuiteRunner.privateRun(SuiteRunner.java:397)
at org.testng.SuiteRunner.run(SuiteRunner.java:336)
at org.testng.SuiteRunnerWorker.runSuite(SuiteRunnerWorker.java:52)
at org.testng.SuiteRunnerWorker.run(SuiteRunnerWorker.java:95)
at org.testng.TestNG.runSuitesSequentially(TestNG.java:1280)
at org.testng.TestNG.runSuitesLocally(TestNG.java:1200)
at org.testng.TestNG.runSuites(TestNG.java:1114)
at org.testng.TestNG.run(TestNG.java:1082)
at org.testng.remote.AbstractRemoteTestNG.run(AbstractRemoteTestNG.java:115)
at org.testng.remote.RemoteTestNG.initAndRun(RemoteTestNG.java:251)
at org.testng.remote.RemoteTestNG.main(RemoteTestNG.java:77)
]]>
            </full-stacktrace>
          </exception> <!-- java.lang.IllegalStateException -->
          <reporter-output>
          </reporter-output>
        </test-method> <!-- setBrowser -->
        <test-method signature="testCollectionPage()[pri:0, instance:testcase.TestCollectionPage@217ed35e]" started-at="2023-12-09T13:56:21 IST" name="testCollectionPage" description="Test_CollectionPage" finished-at="2023-12-09T13:56:21 IST" duration-ms="0" status="SKIP">
          <exception class="java.lang.IllegalStateException">
            <message>
              <![CDATA[The path to the driver executable Unable to locate the chromedriver executable; for more information on how to install drivers, see https://www.selenium.dev/documentation/webdriver/getting_started/install_drivers/]]>
            </message>
            <full-stacktrace>
              <![CDATA[java.lang.IllegalStateException: The path to the driver executable Unable to locate the chromedriver executable; for more information on how to install drivers, see https://www.selenium.dev/documentation/webdriver/getting_started/install_drivers/
at org.openqa.selenium.internal.Require$StateChecker.nonNull(Require.java:314)
at org.openqa.selenium.remote.service.DriverFinder.getPath(DriverFinder.java:34)
at org.openqa.selenium.chrome.ChromeDriver.generateExecutor(ChromeDriver.java:98)
at org.openqa.selenium.chrome.ChromeDriver.<init>(ChromeDriver.java:88)
at org.openqa.selenium.chrome.ChromeDriver.<init>(ChromeDriver.java:84)
at org.openqa.selenium.chrome.ChromeDriver.<init>(ChromeDriver.java:52)
at utility.BaseTest.setBrowser(BaseTest.java:40)
at java.base/jdk.internal.reflect.NativeMethodAccessorImpl.invoke0(Native Method)
at java.base/jdk.internal.reflect.NativeMethodAccessorImpl.invoke(NativeMethodAccessorImpl.java:77)
at java.base/jdk.internal.reflect.DelegatingMethodAccessorImpl.invoke(DelegatingMethodAccessorImpl.java:43)
at java.base/java.lang.reflect.Method.invoke(Method.java:568)
at org.testng.internal.invokers.MethodInvocationHelper.invokeMethod(MethodInvocationHelper.java:139)
at org.testng.internal.invokers.MethodInvocationHelper.invokeMethodConsideringTimeout(MethodInvocationHelper.java:69)
at org.testng.internal.invokers.ConfigInvoker.invokeConfigurationMethod(ConfigInvoker.java:390)
at org.testng.internal.invokers.ConfigInvoker.invokeConfigurations(ConfigInvoker.java:325)
at org.testng.TestRunner.invokeTestConfigurations(TestRunner.java:663)
at org.testng.TestRunner.beforeRun(TestRunner.java:652)
at org.testng.TestRunner.run(TestRunner.java:614)
at org.testng.SuiteRunner.runTest(SuiteRunner.java:443)
at org.testng.SuiteRunner.runSequentially(SuiteRunner.java:437)
at org.testng.SuiteRunner.privateRun(SuiteRunner.java:397)
at org.testng.SuiteRunner.run(SuiteRunner.java:336)
at org.testng.SuiteRunnerWorker.runSuite(SuiteRunnerWorker.java:52)
at org.testng.SuiteRunnerWorker.run(SuiteRunnerWorker.java:95)
at org.testng.TestNG.runSuitesSequentially(TestNG.java:1280)
at org.testng.TestNG.runSuitesLocally(TestNG.java:1200)
at org.testng.TestNG.runSuites(TestNG.java:1114)
at org.testng.TestNG.run(TestNG.java:1082)
at org.testng.remote.AbstractRemoteTestNG.run(AbstractRemoteTestNG.java:115)
at org.testng.remote.RemoteTestNG.initAndRun(RemoteTestNG.java:251)
at org.testng.remote.RemoteTestNG.main(RemoteTestNG.java:77)
]]>
            </full-stacktrace>
          </exception> <!-- java.lang.IllegalStateException -->
          <reporter-output>
          </reporter-output>
        </test-method> <!-- testCollectionPage -->
        <test-method is-config="true" signature="close()[pri:0, instance:testcase.TestCollectionPage@217ed35e]" started-at="2023-12-09T13:56:21 IST" name="close" finished-at="2023-12-09T13:56:21 IST" duration-ms="0" status="SKIP">
          <reporter-output>
          </reporter-output>
        </test-method> <!-- close -->
        <test-method is-config="true" signature="display2()[pri:0, instance:testcase.TestCollectionPage@217ed35e]" started-at="2023-12-09T13:56:21 IST" name="display2" finished-at="2023-12-09T13:56:21 IST" duration-ms="0" status="SKIP">
          <reporter-output>
          </reporter-output>
        </test-method> <!-- display2 -->
      </class> <!-- testcase.TestCollectionPage -->
    </test> <!-- Test -->
  </suite> <!-- Suite -->
</testng-results>
